<?xml version="1.0" encoding="UTF-8"?>
<!-- Generated by org.testng.reporters.JUnitXMLReporter -->
<testsuite ignored="6" hostname="MSI" failures="0" tests="21" name="Test" time="129.493" errors="0" timestamp="2024-05-27T23:00:45 IST">
  <testcase classname="testClasses.projectDetailsTest" name="projectNameTest" time="0.658"/>
  <testcase classname="testClasses.projectDetailsTest" name="categorySelection" time="0.159"/>
  <testcase classname="testClasses.projectDetailsTest" name="placeSelection" time="0.189"/>
  <testcase classname="testClasses.projectDetailsTest" name="sizeSelection" time="0.545"/>
  <testcase classname="testClasses.projectDetailsTest" name="locationSelection" time="6.012"/>
  <testcase classname="testClasses.projectDetailsTest" name="propertySelection" time="0.171"/>
  <testcase classname="testClasses.projectDetailsTest" name="buttonClick" time="0.236"/>
  <testcase classname="testClasses.designPageTest" name="designProcessSelection" time="5.249"/>
  <testcase classname="testClasses.designPageTest" name="giveDescription" time="1.755"/>
  <testcase classname="testClasses.designPageTest" name="tagSelection" time="0.328"/>
  <testcase classname="testClasses.designPageTest" name="fileAttachment" time="0.025"/>
  <testcase classname="testClasses.designPageTest" name="buttonClick" time="0.254"/>
  <testcase classname="testClasses.budgetAndTimelineTest" name="settingBudget" time="0.222"/>
  <testcase classname="testClasses.budgetAndTimelineTest" name="settingDeadline" time="0.538"/>
  <testcase classname="testClasses.budgetAndTimelineTest" name="buttonClick" time="0.291"/>
  <testcase classname="testClasses.contactPageTest" name="representation" time="0.18"/>
  <testcase classname="testClasses.contactPageTest" name="countrySelection" time="0.151"/>
  <testcase classname="testClasses.contactPageTest" name="giveMobNo" time="0.334"/>
  <testcase classname="testClasses.contactPageTest" name="hereFrom" time="0.421"/>
  <testcase classname="testClasses.contactPageTest" name="givePersonalCredentials" time="1.473"/>
  <testcase classname="testClasses.contactPageTest" name="termsAgrement" time="0.192"/>
  <testcase classname="testClasses.baseTest" name="@BeforeSuite initBrowser" time="0.0">
    <ignored/>
  </testcase> <!-- @BeforeSuite initBrowser -->
  <testcase classname="testClasses.baseTest" name="@BeforeSuite initBrowser" time="0.0">
    <ignored/>
  </testcase> <!-- @BeforeSuite initBrowser -->
  <testcase classname="testClasses.baseTest" name="@AfterSuite teardown" time="0.0">
    <ignored/>
  </testcase> <!-- @AfterSuite teardown -->
  <testcase classname="testClasses.baseTest" name="@BeforeSuite initBrowser" time="0.0">
    <ignored/>
  </testcase> <!-- @BeforeSuite initBrowser -->
  <testcase classname="testClasses.baseTest" name="@AfterSuite teardown" time="0.0">
    <ignored/>
  </testcase> <!-- @AfterSuite teardown -->
  <testcase classname="testClasses.baseTest" name="@AfterSuite teardown" time="0.0">
    <ignored/>
  </testcase> <!-- @AfterSuite teardown -->
</testsuite> <!-- Test -->
