<?xml version="1.0" encoding="UTF-8"?>
<!-- Generated by org.testng.reporters.JUnitXMLReporter -->
<testsuite ignored="6" hostname="MSI" failures="0" tests="21" name="Test" time="43.754" errors="0" timestamp="2024-05-28T12:05:46 IST">
  <testcase classname="testClasses.projectDetailsTest" name="projectNameTest" time="0.75"/>
  <testcase classname="testClasses.projectDetailsTest" name="categorySelection" time="0.144"/>
  <testcase classname="testClasses.projectDetailsTest" name="placeSelection" time="0.174"/>
  <testcase classname="testClasses.projectDetailsTest" name="sizeSelection" time="0.563"/>
  <testcase classname="testClasses.projectDetailsTest" name="locationSelection" time="6.862"/>
  <testcase classname="testClasses.projectDetailsTest" name="propertySelection" time="0.201"/>
  <testcase classname="testClasses.projectDetailsTest" name="buttonClick" time="0.262"/>
  <testcase classname="testClasses.designPageTest" name="designProcessSelection" time="3.38"/>
  <testcase classname="testClasses.designPageTest" name="giveDescription" time="1.75"/>
  <testcase classname="testClasses.designPageTest" name="tagSelection" time="0.332"/>
  <testcase classname="testClasses.designPageTest" name="fileAttachment" time="0.023"/>
  <testcase classname="testClasses.designPageTest" name="buttonClick" time="0.264"/>
  <testcase classname="testClasses.budgetAndTimelineTest" name="settingBudget" time="0.22"/>
  <testcase classname="testClasses.budgetAndTimelineTest" name="settingDeadline" time="0.429"/>
  <testcase classname="testClasses.budgetAndTimelineTest" name="buttonClick" time="0.293"/>
  <testcase classname="testClasses.contactPageTest" name="representation" time="0.172"/>
  <testcase classname="testClasses.contactPageTest" name="countrySelection" time="0.175"/>
  <testcase classname="testClasses.contactPageTest" name="giveMobNo" time="0.399"/>
  <testcase classname="testClasses.contactPageTest" name="hereFrom" time="0.449"/>
  <testcase classname="testClasses.contactPageTest" name="givePersonalCredentials" time="1.566"/>
  <testcase classname="testClasses.contactPageTest" name="termsAgrement" time="0.184"/>
  <testcase classname="testClasses.baseTest" name="@BeforeSuite initBrowser" time="0.0">
    <ignored/>
  </testcase> <!-- @BeforeSuite initBrowser -->
  <testcase classname="testClasses.baseTest" name="@BeforeSuite initBrowser" time="0.0">
    <ignored/>
  </testcase> <!-- @BeforeSuite initBrowser -->
  <testcase classname="testClasses.baseTest" name="@AfterSuite teardown" time="0.0">
    <ignored/>
  </testcase> <!-- @AfterSuite teardown -->
  <testcase classname="testClasses.baseTest" name="@BeforeSuite initBrowser" time="0.0">
    <ignored/>
  </testcase> <!-- @BeforeSuite initBrowser -->
  <testcase classname="testClasses.baseTest" name="@AfterSuite teardown" time="0.0">
    <ignored/>
  </testcase> <!-- @AfterSuite teardown -->
  <testcase classname="testClasses.baseTest" name="@AfterSuite teardown" time="0.0">
    <ignored/>
  </testcase> <!-- @AfterSuite teardown -->
</testsuite> <!-- Test -->
