<?xml version="1.0" encoding="UTF-8"?>
<testng-results ignored="0" total="1" passed="1" failed="0" skipped="0">
  <reporter-output>
  </reporter-output>
  <suite started-at="2024-05-29T22:15:46 IST" name="Suite" finished-at="2024-05-29T22:15:49 IST" duration-ms="3061">
    <groups>
    </groups>
    <test started-at="2024-05-29T22:15:46 IST" name="Test" finished-at="2024-05-29T22:15:49 IST" duration-ms="3061">
      <class name="testClasses.test2test">
        <test-method is-config="true" signature="initBrowser()[pri:0, instance:testClasses.test2test@141e5bef]" started-at="2024-05-29T22:15:39 IST" name="initBrowser" finished-at="2024-05-29T22:15:46 IST" duration-ms="7079" status="PASS">
          <reporter-output>
          </reporter-output>
        </test-method> <!-- initBrowser -->
        <test-method is-config="true" signature="objectCreation()[pri:0, instance:testClasses.test2test@141e5bef]" started-at="2024-05-29T22:15:46 IST" name="objectCreation" finished-at="2024-05-29T22:15:46 IST" duration-ms="32" status="PASS">
          <reporter-output>
          </reporter-output>
        </test-method> <!-- objectCreation -->
        <test-method signature="Test()[pri:0, instance:testClasses.test2test@141e5bef]" started-at="2024-05-29T22:15:46 IST" name="Test" finished-at="2024-05-29T22:15:49 IST" duration-ms="2991" status="PASS">
          <reporter-output>
          </reporter-output>
        </test-method> <!-- Test -->
        <test-method is-config="true" signature="teardown()[pri:0, instance:testClasses.test2test@141e5bef]" started-at="2024-05-29T22:15:49 IST" name="teardown" finished-at="2024-05-29T22:15:50 IST" duration-ms="266" status="PASS">
          <reporter-output>
          </reporter-output>
        </test-method> <!-- teardown -->
      </class> <!-- testClasses.test2test -->
    </test> <!-- Test -->
  </suite> <!-- Suite -->
</testng-results>
